[2024-07-30 05:24:37] local.ERROR: View [frontend.home.home] not found. {"exception":"[object] (InvalidArgumentException(code: 0): View [frontend.home.home] not found. at /mnt/c/xampp/htdocs/fashion-items-ecommerce/vendor/laravel/framework/src/Illuminate/View/FileViewFinder.php:139)
[stacktrace]
#0 /mnt/c/xampp/htdocs/fashion-items-ecommerce/vendor/laravel/framework/src/Illuminate/View/FileViewFinder.php(79): Illuminate\\View\\FileViewFinder->findInPaths()
#1 /mnt/c/xampp/htdocs/fashion-items-ecommerce/vendor/laravel/framework/src/Illuminate/View/Factory.php(151): Illuminate\\View\\FileViewFinder->find()
#2 /mnt/c/xampp/htdocs/fashion-items-ecommerce/vendor/laravel/framework/src/Illuminate/Foundation/helpers.php(1047): Illuminate\\View\\Factory->make()
#3 /mnt/c/xampp/htdocs/fashion-items-ecommerce/app/Http/Controllers/Frontend/HomeController.php(12): view()
#4 /mnt/c/xampp/htdocs/fashion-items-ecommerce/vendor/laravel/framework/src/Illuminate/Routing/ControllerDispatcher.php(46): App\\Http\\Controllers\\Frontend\\HomeController->index()
#5 /mnt/c/xampp/htdocs/fashion-items-ecommerce/vendor/laravel/framework/src/Illuminate/Routing/Route.php(260): Illuminate\\Routing\\ControllerDispatcher->dispatch()
#6 /mnt/c/xampp/htdocs/fashion-items-ecommerce/vendor/laravel/framework/src/Illuminate/Routing/Route.php(206): Illuminate\\Routing\\Route->runController()
#7 /mnt/c/xampp/htdocs/fashion-items-ecommerce/vendor/laravel/framework/src/Illuminate/Routing/Router.php(808): Illuminate\\Routing\\Route->run()
#8 /mnt/c/xampp/htdocs/fashion-items-ecommerce/vendor/laravel/framework/src/Illuminate/Pipeline/Pipeline.php(144): Illuminate\\Routing\\Router->Illuminate\\Routing\\{closure}()
#9 /mnt/c/xampp/htdocs/fashion-items-ecommerce/vendor/php-flasher/flasher-laravel/Middleware/FlasherMiddleware.php(22): Illuminate\\Pipeline\\Pipeline->Illuminate\\Pipeline\\{closure}()
#10 /mnt/c/xampp/htdocs/fashion-items-ecommerce/vendor/laravel/framework/src/Illuminate/Pipeline/Pipeline.php(183): Flasher\\Laravel\\Middleware\\FlasherMiddleware->handle()
#11 /mnt/c/xampp/htdocs/fashion-items-ecommerce/vendor/php-flasher/flasher-laravel/Middleware/SessionMiddleware.php(22): Illuminate\\Pipeline\\Pipeline->Illuminate\\Pipeline\\{closure}()
#12 /mnt/c/xampp/htdocs/fashion-items-ecommerce/vendor/laravel/framework/src/Illuminate/Pipeline/Pipeline.php(183): Flasher\\Laravel\\Middleware\\SessionMiddleware->handle()
#13 /mnt/c/xampp/htdocs/fashion-items-ecommerce/vendor/laravel/framework/src/Illuminate/Routing/Middleware/SubstituteBindings.php(50): Illuminate\\Pipeline\\Pipeline->Illuminate\\Pipeline\\{closure}()
#14 /mnt/c/xampp/htdocs/fashion-items-ecommerce/vendor/laravel/framework/src/Illuminate/Pipeline/Pipeline.php(183): Illuminate\\Routing\\Middleware\\SubstituteBindings->handle()
#15 /mnt/c/xampp/htdocs/fashion-items-ecommerce/vendor/laravel/framework/src/Illuminate/Foundation/Http/Middleware/VerifyCsrfToken.php(88): Illuminate\\Pipeline\\Pipeline->Illuminate\\Pipeline\\{closure}()
#16 /mnt/c/xampp/htdocs/fashion-items-ecommerce/vendor/laravel/framework/src/Illuminate/Pipeline/Pipeline.php(183): Illuminate\\Foundation\\Http\\Middleware\\VerifyCsrfToken->handle()
#17 /mnt/c/xampp/htdocs/fashion-items-ecommerce/vendor/laravel/framework/src/Illuminate/View/Middleware/ShareErrorsFromSession.php(49): Illuminate\\Pipeline\\Pipeline->Illuminate\\Pipeline\\{closure}()
#18 /mnt/c/xampp/htdocs/fashion-items-ecommerce/vendor/laravel/framework/src/Illuminate/Pipeline/Pipeline.php(183): Illuminate\\View\\Middleware\\ShareErrorsFromSession->handle()
#19 /mnt/c/xampp/htdocs/fashion-items-ecommerce/vendor/laravel/framework/src/Illuminate/Session/Middleware/StartSession.php(121): Illuminate\\Pipeline\\Pipeline->Illuminate\\Pipeline\\{closure}()
#20 /mnt/c/xampp/htdocs/fashion-items-ecommerce/vendor/laravel/framework/src/Illuminate/Session/Middleware/StartSession.php(64): Illuminate\\Session\\Middleware\\StartSession->handleStatefulRequest()
#21 /mnt/c/xampp/htdocs/fashion-items-ecommerce/vendor/laravel/framework/src/Illuminate/Pipeline/Pipeline.php(183): Illuminate\\Session\\Middleware\\StartSession->handle()
#22 /mnt/c/xampp/htdocs/fashion-items-ecommerce/vendor/laravel/framework/src/Illuminate/Cookie/Middleware/AddQueuedCookiesToResponse.php(37): Illuminate\\Pipeline\\Pipeline->Illuminate\\Pipeline\\{closure}()
#23 /mnt/c/xampp/htdocs/fashion-items-ecommerce/vendor/laravel/framework/src/Illuminate/Pipeline/Pipeline.php(183): Illuminate\\Cookie\\Middleware\\AddQueuedCookiesToResponse->handle()
#24 /mnt/c/xampp/htdocs/fashion-items-ecommerce/vendor/laravel/framework/src/Illuminate/Cookie/Middleware/EncryptCookies.php(75): Illuminate\\Pipeline\\Pipeline->Illuminate\\Pipeline\\{closure}()
#25 /mnt/c/xampp/htdocs/fashion-items-ecommerce/vendor/laravel/framework/src/Illuminate/Pipeline/Pipeline.php(183): Illuminate\\Cookie\\Middleware\\EncryptCookies->handle()
#26 /mnt/c/xampp/htdocs/fashion-items-ecommerce/vendor/laravel/framework/src/Illuminate/Pipeline/Pipeline.php(119): Illuminate\\Pipeline\\Pipeline->Illuminate\\Pipeline\\{closure}()
#27 /mnt/c/xampp/htdocs/fashion-items-ecommerce/vendor/laravel/framework/src/Illuminate/Routing/Router.php(807): Illuminate\\Pipeline\\Pipeline->then()
#28 /mnt/c/xampp/htdocs/fashion-items-ecommerce/vendor/laravel/framework/src/Illuminate/Routing/Router.php(786): Illuminate\\Routing\\Router->runRouteWithinStack()
#29 /mnt/c/xampp/htdocs/fashion-items-ecommerce/vendor/laravel/framework/src/Illuminate/Routing/Router.php(750): Illuminate\\Routing\\Router->runRoute()
#30 /mnt/c/xampp/htdocs/fashion-items-ecommerce/vendor/laravel/framework/src/Illuminate/Routing/Router.php(739): Illuminate\\Routing\\Router->dispatchToRoute()
#31 /mnt/c/xampp/htdocs/fashion-items-ecommerce/vendor/laravel/framework/src/Illuminate/Foundation/Http/Kernel.php(201): Illuminate\\Routing\\Router->dispatch()
#32 /mnt/c/xampp/htdocs/fashion-items-ecommerce/vendor/laravel/framework/src/Illuminate/Pipeline/Pipeline.php(144): Illuminate\\Foundation\\Http\\Kernel->Illuminate\\Foundation\\Http\\{closure}()
#33 /mnt/c/xampp/htdocs/fashion-items-ecommerce/vendor/laravel/framework/src/Illuminate/Foundation/Http/Middleware/TransformsRequest.php(21): Illuminate\\Pipeline\\Pipeline->Illuminate\\Pipeline\\{closure}()
#34 /mnt/c/xampp/htdocs/fashion-items-ecommerce/vendor/laravel/framework/src/Illuminate/Foundation/Http/Middleware/ConvertEmptyStringsToNull.php(31): Illuminate\\Foundation\\Http\\Middleware\\TransformsRequest->handle()
#35 /mnt/c/xampp/htdocs/fashion-items-ecommerce/vendor/laravel/framework/src/Illuminate/Pipeline/Pipeline.php(183): Illuminate\\Foundation\\Http\\Middleware\\ConvertEmptyStringsToNull->handle()
#36 /mnt/c/xampp/htdocs/fashion-items-ecommerce/vendor/laravel/framework/src/Illuminate/Foundation/Http/Middleware/TransformsRequest.php(21): Illuminate\\Pipeline\\Pipeline->Illuminate\\Pipeline\\{closure}()
#37 /mnt/c/xampp/htdocs/fashion-items-ecommerce/vendor/laravel/framework/src/Illuminate/Foundation/Http/Middleware/TrimStrings.php(51): Illuminate\\Foundation\\Http\\Middleware\\TransformsRequest->handle()
#38 /mnt/c/xampp/htdocs/fashion-items-ecommerce/vendor/laravel/framework/src/Illuminate/Pipeline/Pipeline.php(183): Illuminate\\Foundation\\Http\\Middleware\\TrimStrings->handle()
#39 /mnt/c/xampp/htdocs/fashion-items-ecommerce/vendor/laravel/framework/src/Illuminate/Http/Middleware/ValidatePostSize.php(27): Illuminate\\Pipeline\\Pipeline->Illuminate\\Pipeline\\{closure}()
#40 /mnt/c/xampp/htdocs/fashion-items-ecommerce/vendor/laravel/framework/src/Illuminate/Pipeline/Pipeline.php(183): Illuminate\\Http\\Middleware\\ValidatePostSize->handle()
#41 /mnt/c/xampp/htdocs/fashion-items-ecommerce/vendor/laravel/framework/src/Illuminate/Foundation/Http/Middleware/PreventRequestsDuringMaintenance.php(110): Illuminate\\Pipeline\\Pipeline->Illuminate\\Pipeline\\{closure}()
#42 /mnt/c/xampp/htdocs/fashion-items-ecommerce/vendor/laravel/framework/src/Illuminate/Pipeline/Pipeline.php(183): Illuminate\\Foundation\\Http\\Middleware\\PreventRequestsDuringMaintenance->handle()
#43 /mnt/c/xampp/htdocs/fashion-items-ecommerce/vendor/laravel/framework/src/Illuminate/Http/Middleware/HandleCors.php(49): Illuminate\\Pipeline\\Pipeline->Illuminate\\Pipeline\\{closure}()
#44 /mnt/c/xampp/htdocs/fashion-items-ecommerce/vendor/laravel/framework/src/Illuminate/Pipeline/Pipeline.php(183): Illuminate\\Http\\Middleware\\HandleCors->handle()
#45 /mnt/c/xampp/htdocs/fashion-items-ecommerce/vendor/laravel/framework/src/Illuminate/Http/Middleware/TrustProxies.php(57): Illuminate\\Pipeline\\Pipeline->Illuminate\\Pipeline\\{closure}()
#46 /mnt/c/xampp/htdocs/fashion-items-ecommerce/vendor/laravel/framework/src/Illuminate/Pipeline/Pipeline.php(183): Illuminate\\Http\\Middleware\\TrustProxies->handle()
#47 /mnt/c/xampp/htdocs/fashion-items-ecommerce/vendor/laravel/framework/src/Illuminate/Pipeline/Pipeline.php(119): Illuminate\\Pipeline\\Pipeline->Illuminate\\Pipeline\\{closure}()
#48 /mnt/c/xampp/htdocs/fashion-items-ecommerce/vendor/laravel/framework/src/Illuminate/Foundation/Http/Kernel.php(176): Illuminate\\Pipeline\\Pipeline->then()
#49 /mnt/c/xampp/htdocs/fashion-items-ecommerce/vendor/laravel/framework/src/Illuminate/Foundation/Http/Kernel.php(145): Illuminate\\Foundation\\Http\\Kernel->sendRequestThroughRouter()
#50 /mnt/c/xampp/htdocs/fashion-items-ecommerce/vendor/laravel/framework/src/Illuminate/Foundation/Application.php(1188): Illuminate\\Foundation\\Http\\Kernel->handle()
#51 /mnt/c/xampp/htdocs/fashion-items-ecommerce/public/index.php(17): Illuminate\\Foundation\\Application->handleRequest()
#52 {main}
"} 
[2024-07-30 05:25:17] local.ERROR: View [frontend.home.home] not found. {"exception":"[object] (InvalidArgumentException(code: 0): View [frontend.home.home] not found. at /mnt/c/xampp/htdocs/fashion-items-ecommerce/vendor/laravel/framework/src/Illuminate/View/FileViewFinder.php:139)
[stacktrace]
#0 /mnt/c/xampp/htdocs/fashion-items-ecommerce/vendor/laravel/framework/src/Illuminate/View/FileViewFinder.php(79): Illuminate\\View\\FileViewFinder->findInPaths()
#1 /mnt/c/xampp/htdocs/fashion-items-ecommerce/vendor/laravel/framework/src/Illuminate/View/Factory.php(151): Illuminate\\View\\FileViewFinder->find()
#2 /mnt/c/xampp/htdocs/fashion-items-ecommerce/vendor/laravel/framework/src/Illuminate/Foundation/helpers.php(1047): Illuminate\\View\\Factory->make()
#3 /mnt/c/xampp/htdocs/fashion-items-ecommerce/app/Http/Controllers/Frontend/HomeController.php(12): view()
#4 /mnt/c/xampp/htdocs/fashion-items-ecommerce/vendor/laravel/framework/src/Illuminate/Routing/ControllerDispatcher.php(46): App\\Http\\Controllers\\Frontend\\HomeController->index()
#5 /mnt/c/xampp/htdocs/fashion-items-ecommerce/vendor/laravel/framework/src/Illuminate/Routing/Route.php(260): Illuminate\\Routing\\ControllerDispatcher->dispatch()
#6 /mnt/c/xampp/htdocs/fashion-items-ecommerce/vendor/laravel/framework/src/Illuminate/Routing/Route.php(206): Illuminate\\Routing\\Route->runController()
#7 /mnt/c/xampp/htdocs/fashion-items-ecommerce/vendor/laravel/framework/src/Illuminate/Routing/Router.php(808): Illuminate\\Routing\\Route->run()
#8 /mnt/c/xampp/htdocs/fashion-items-ecommerce/vendor/laravel/framework/src/Illuminate/Pipeline/Pipeline.php(144): Illuminate\\Routing\\Router->Illuminate\\Routing\\{closure}()
#9 /mnt/c/xampp/htdocs/fashion-items-ecommerce/vendor/php-flasher/flasher-laravel/Middleware/FlasherMiddleware.php(22): Illuminate\\Pipeline\\Pipeline->Illuminate\\Pipeline\\{closure}()
#10 /mnt/c/xampp/htdocs/fashion-items-ecommerce/vendor/laravel/framework/src/Illuminate/Pipeline/Pipeline.php(183): Flasher\\Laravel\\Middleware\\FlasherMiddleware->handle()
#11 /mnt/c/xampp/htdocs/fashion-items-ecommerce/vendor/php-flasher/flasher-laravel/Middleware/SessionMiddleware.php(22): Illuminate\\Pipeline\\Pipeline->Illuminate\\Pipeline\\{closure}()
#12 /mnt/c/xampp/htdocs/fashion-items-ecommerce/vendor/laravel/framework/src/Illuminate/Pipeline/Pipeline.php(183): Flasher\\Laravel\\Middleware\\SessionMiddleware->handle()
#13 /mnt/c/xampp/htdocs/fashion-items-ecommerce/vendor/laravel/framework/src/Illuminate/Routing/Middleware/SubstituteBindings.php(50): Illuminate\\Pipeline\\Pipeline->Illuminate\\Pipeline\\{closure}()
#14 /mnt/c/xampp/htdocs/fashion-items-ecommerce/vendor/laravel/framework/src/Illuminate/Pipeline/Pipeline.php(183): Illuminate\\Routing\\Middleware\\SubstituteBindings->handle()
#15 /mnt/c/xampp/htdocs/fashion-items-ecommerce/vendor/laravel/framework/src/Illuminate/Foundation/Http/Middleware/VerifyCsrfToken.php(88): Illuminate\\Pipeline\\Pipeline->Illuminate\\Pipeline\\{closure}()
#16 /mnt/c/xampp/htdocs/fashion-items-ecommerce/vendor/laravel/framework/src/Illuminate/Pipeline/Pipeline.php(183): Illuminate\\Foundation\\Http\\Middleware\\VerifyCsrfToken->handle()
#17 /mnt/c/xampp/htdocs/fashion-items-ecommerce/vendor/laravel/framework/src/Illuminate/View/Middleware/ShareErrorsFromSession.php(49): Illuminate\\Pipeline\\Pipeline->Illuminate\\Pipeline\\{closure}()
#18 /mnt/c/xampp/htdocs/fashion-items-ecommerce/vendor/laravel/framework/src/Illuminate/Pipeline/Pipeline.php(183): Illuminate\\View\\Middleware\\ShareErrorsFromSession->handle()
#19 /mnt/c/xampp/htdocs/fashion-items-ecommerce/vendor/laravel/framework/src/Illuminate/Session/Middleware/StartSession.php(121): Illuminate\\Pipeline\\Pipeline->Illuminate\\Pipeline\\{closure}()
#20 /mnt/c/xampp/htdocs/fashion-items-ecommerce/vendor/laravel/framework/src/Illuminate/Session/Middleware/StartSession.php(64): Illuminate\\Session\\Middleware\\StartSession->handleStatefulRequest()
#21 /mnt/c/xampp/htdocs/fashion-items-ecommerce/vendor/laravel/framework/src/Illuminate/Pipeline/Pipeline.php(183): Illuminate\\Session\\Middleware\\StartSession->handle()
#22 /mnt/c/xampp/htdocs/fashion-items-ecommerce/vendor/laravel/framework/src/Illuminate/Cookie/Middleware/AddQueuedCookiesToResponse.php(37): Illuminate\\Pipeline\\Pipeline->Illuminate\\Pipeline\\{closure}()
#23 /mnt/c/xampp/htdocs/fashion-items-ecommerce/vendor/laravel/framework/src/Illuminate/Pipeline/Pipeline.php(183): Illuminate\\Cookie\\Middleware\\AddQueuedCookiesToResponse->handle()
#24 /mnt/c/xampp/htdocs/fashion-items-ecommerce/vendor/laravel/framework/src/Illuminate/Cookie/Middleware/EncryptCookies.php(75): Illuminate\\Pipeline\\Pipeline->Illuminate\\Pipeline\\{closure}()
#25 /mnt/c/xampp/htdocs/fashion-items-ecommerce/vendor/laravel/framework/src/Illuminate/Pipeline/Pipeline.php(183): Illuminate\\Cookie\\Middleware\\EncryptCookies->handle()
#26 /mnt/c/xampp/htdocs/fashion-items-ecommerce/vendor/laravel/framework/src/Illuminate/Pipeline/Pipeline.php(119): Illuminate\\Pipeline\\Pipeline->Illuminate\\Pipeline\\{closure}()
#27 /mnt/c/xampp/htdocs/fashion-items-ecommerce/vendor/laravel/framework/src/Illuminate/Routing/Router.php(807): Illuminate\\Pipeline\\Pipeline->then()
#28 /mnt/c/xampp/htdocs/fashion-items-ecommerce/vendor/laravel/framework/src/Illuminate/Routing/Router.php(786): Illuminate\\Routing\\Router->runRouteWithinStack()
#29 /mnt/c/xampp/htdocs/fashion-items-ecommerce/vendor/laravel/framework/src/Illuminate/Routing/Router.php(750): Illuminate\\Routing\\Router->runRoute()
#30 /mnt/c/xampp/htdocs/fashion-items-ecommerce/vendor/laravel/framework/src/Illuminate/Routing/Router.php(739): Illuminate\\Routing\\Router->dispatchToRoute()
#31 /mnt/c/xampp/htdocs/fashion-items-ecommerce/vendor/laravel/framework/src/Illuminate/Foundation/Http/Kernel.php(201): Illuminate\\Routing\\Router->dispatch()
#32 /mnt/c/xampp/htdocs/fashion-items-ecommerce/vendor/laravel/framework/src/Illuminate/Pipeline/Pipeline.php(144): Illuminate\\Foundation\\Http\\Kernel->Illuminate\\Foundation\\Http\\{closure}()
#33 /mnt/c/xampp/htdocs/fashion-items-ecommerce/vendor/laravel/framework/src/Illuminate/Foundation/Http/Middleware/TransformsRequest.php(21): Illuminate\\Pipeline\\Pipeline->Illuminate\\Pipeline\\{closure}()
#34 /mnt/c/xampp/htdocs/fashion-items-ecommerce/vendor/laravel/framework/src/Illuminate/Foundation/Http/Middleware/ConvertEmptyStringsToNull.php(31): Illuminate\\Foundation\\Http\\Middleware\\TransformsRequest->handle()
#35 /mnt/c/xampp/htdocs/fashion-items-ecommerce/vendor/laravel/framework/src/Illuminate/Pipeline/Pipeline.php(183): Illuminate\\Foundation\\Http\\Middleware\\ConvertEmptyStringsToNull->handle()
#36 /mnt/c/xampp/htdocs/fashion-items-ecommerce/vendor/laravel/framework/src/Illuminate/Foundation/Http/Middleware/TransformsRequest.php(21): Illuminate\\Pipeline\\Pipeline->Illuminate\\Pipeline\\{closure}()
#37 /mnt/c/xampp/htdocs/fashion-items-ecommerce/vendor/laravel/framework/src/Illuminate/Foundation/Http/Middleware/TrimStrings.php(51): Illuminate\\Foundation\\Http\\Middleware\\TransformsRequest->handle()
#38 /mnt/c/xampp/htdocs/fashion-items-ecommerce/vendor/laravel/framework/src/Illuminate/Pipeline/Pipeline.php(183): Illuminate\\Foundation\\Http\\Middleware\\TrimStrings->handle()
#39 /mnt/c/xampp/htdocs/fashion-items-ecommerce/vendor/laravel/framework/src/Illuminate/Http/Middleware/ValidatePostSize.php(27): Illuminate\\Pipeline\\Pipeline->Illuminate\\Pipeline\\{closure}()
#40 /mnt/c/xampp/htdocs/fashion-items-ecommerce/vendor/laravel/framework/src/Illuminate/Pipeline/Pipeline.php(183): Illuminate\\Http\\Middleware\\ValidatePostSize->handle()
#41 /mnt/c/xampp/htdocs/fashion-items-ecommerce/vendor/laravel/framework/src/Illuminate/Foundation/Http/Middleware/PreventRequestsDuringMaintenance.php(110): Illuminate\\Pipeline\\Pipeline->Illuminate\\Pipeline\\{closure}()
#42 /mnt/c/xampp/htdocs/fashion-items-ecommerce/vendor/laravel/framework/src/Illuminate/Pipeline/Pipeline.php(183): Illuminate\\Foundation\\Http\\Middleware\\PreventRequestsDuringMaintenance->handle()
#43 /mnt/c/xampp/htdocs/fashion-items-ecommerce/vendor/laravel/framework/src/Illuminate/Http/Middleware/HandleCors.php(49): Illuminate\\Pipeline\\Pipeline->Illuminate\\Pipeline\\{closure}()
#44 /mnt/c/xampp/htdocs/fashion-items-ecommerce/vendor/laravel/framework/src/Illuminate/Pipeline/Pipeline.php(183): Illuminate\\Http\\Middleware\\HandleCors->handle()
#45 /mnt/c/xampp/htdocs/fashion-items-ecommerce/vendor/laravel/framework/src/Illuminate/Http/Middleware/TrustProxies.php(57): Illuminate\\Pipeline\\Pipeline->Illuminate\\Pipeline\\{closure}()
#46 /mnt/c/xampp/htdocs/fashion-items-ecommerce/vendor/laravel/framework/src/Illuminate/Pipeline/Pipeline.php(183): Illuminate\\Http\\Middleware\\TrustProxies->handle()
#47 /mnt/c/xampp/htdocs/fashion-items-ecommerce/vendor/laravel/framework/src/Illuminate/Pipeline/Pipeline.php(119): Illuminate\\Pipeline\\Pipeline->Illuminate\\Pipeline\\{closure}()
#48 /mnt/c/xampp/htdocs/fashion-items-ecommerce/vendor/laravel/framework/src/Illuminate/Foundation/Http/Kernel.php(176): Illuminate\\Pipeline\\Pipeline->then()
#49 /mnt/c/xampp/htdocs/fashion-items-ecommerce/vendor/laravel/framework/src/Illuminate/Foundation/Http/Kernel.php(145): Illuminate\\Foundation\\Http\\Kernel->sendRequestThroughRouter()
#50 /mnt/c/xampp/htdocs/fashion-items-ecommerce/vendor/laravel/framework/src/Illuminate/Foundation/Application.php(1188): Illuminate\\Foundation\\Http\\Kernel->handle()
#51 /mnt/c/xampp/htdocs/fashion-items-ecommerce/public/index.php(17): Illuminate\\Foundation\\Application->handleRequest()
#52 {main}
"} 
